<?xml version="1.0" encoding="UTF-8"?>
<!-- Generated by org.testng.reporters.JUnitXMLReporter -->
<testsuite ignored="0" hostname="LAPTOP-S9DND4DE" failures="0" tests="4" name="Default test" time="20.138" errors="0" timestamp="2024-03-19T21:51:36 IST">
  <testcase classname="api.test.UserTests" name="testPostUser" time="4.846"/>
  <testcase classname="api.test.UserTests" name="testGetUserByName" time="1.803"/>
  <testcase classname="api.test.UserTests" name="testUpdateUserByName" time="7.576"/>
  <testcase classname="api.test.UserTests" name="testDeleteUserByName" time="4.104"/>
</testsuite> <!-- Default test -->
