<?xml version="1.0" encoding="UTF-8"?>
<!-- Generated by org.testng.reporters.JUnitXMLReporter -->
<testsuite ignored="0" hostname="LAPTOP-S9DND4DE" failures="0" tests="6" name="User_Pet-Store_Test" time="16.213" errors="0" timestamp="2024-03-19T23:36:15 IST">
  <testcase classname="api.test.DDTests" name="testPostUser" time="4.592"/>
  <testcase classname="api.test.DDTests" name="testPostUser" time="1.678"/>
  <testcase classname="api.test.DDTests" name="testPostUser" time="1.634"/>
  <testcase classname="api.test.DDTests" name="testDeleteUserByName" time="1.692"/>
  <testcase classname="api.test.DDTests" name="testDeleteUserByName" time="1.637"/>
  <testcase classname="api.test.DDTests" name="testDeleteUserByName" time="1.638"/>
</testsuite> <!-- User_Pet-Store_Test -->
