<?xml version="1.0" encoding="UTF-8"?>
<!-- Generated by org.testng.reporters.JUnitXMLReporter -->
<testsuite ignored="0" hostname="LAPTOP-S9DND4DE" failures="0" tests="4" name="User_Pet-Store_Test" time="12.683" errors="0" timestamp="2024-03-20T15:47:05 IST">
  <testcase classname="api.test.UserTests" name="testPostUser" time="4.513"/>
  <testcase classname="api.test.UserTests" name="testGetUserByName" time="1.618"/>
  <testcase classname="api.test.UserTests" name="testUpdateUserByName" time="3.269"/>
  <testcase classname="api.test.UserTests" name="testDeleteUserByName" time="1.636"/>
</testsuite> <!-- User_Pet-Store_Test -->
