<?xml version="1.0" encoding="UTF-8"?>
<testng-results ignored="0" total="4" passed="4" failed="0" skipped="0">
  <reporter-output>
  </reporter-output>
  <suite started-at="2024-03-20T16:00:33 IST" name="Suite" finished-at="2024-03-20T16:00:45 IST" duration-ms="11589">
    <groups>
    </groups>
    <test started-at="2024-03-20T16:00:33 IST" name="User_Pet-Store_Test" finished-at="2024-03-20T16:00:45 IST" duration-ms="11589">
      <class name="api.test.UserTests">
        <test-method is-config="true" signature="setupData()[pri:0, instance:api.test.UserTests@1d9b7cce]" started-at="2024-03-20T16:00:33 IST" name="setupData" finished-at="2024-03-20T16:00:34 IST" duration-ms="1040" status="PASS">
          <reporter-output>
          </reporter-output>
        </test-method> <!-- setupData -->
        <test-method signature="testPostUser()[pri:0, instance:api.test.UserTests@1d9b7cce]" started-at="2024-03-20T16:00:34 IST" name="testPostUser" finished-at="2024-03-20T16:00:38 IST" duration-ms="3834" status="PASS">
          <reporter-output>
          </reporter-output>
        </test-method> <!-- testPostUser -->
        <test-method signature="testGetUserByName()[pri:1, instance:api.test.UserTests@1d9b7cce]" started-at="2024-03-20T16:00:38 IST" name="testGetUserByName" finished-at="2024-03-20T16:00:40 IST" duration-ms="1658" status="PASS">
          <reporter-output>
          </reporter-output>
        </test-method> <!-- testGetUserByName -->
        <test-method signature="testUpdateUserByName()[pri:2, instance:api.test.UserTests@1d9b7cce]" started-at="2024-03-20T16:00:40 IST" name="testUpdateUserByName" finished-at="2024-03-20T16:00:43 IST" duration-ms="3373" status="PASS">
          <reporter-output>
          </reporter-output>
        </test-method> <!-- testUpdateUserByName -->
        <test-method signature="testDeleteUserByName()[pri:3, instance:api.test.UserTests@1d9b7cce]" started-at="2024-03-20T16:00:43 IST" name="testDeleteUserByName" finished-at="2024-03-20T16:00:45 IST" duration-ms="1638" status="PASS">
          <reporter-output>
          </reporter-output>
        </test-method> <!-- testDeleteUserByName -->
      </class> <!-- api.test.UserTests -->
    </test> <!-- User_Pet-Store_Test -->
  </suite> <!-- Suite -->
</testng-results>
