<?xml version="1.0" encoding="UTF-8"?>
<testng-results ignored="0" total="4" passed="4" failed="0" skipped="0">
  <reporter-output>
  </reporter-output>
  <suite started-at="2024-03-20T15:46:52 IST" name="Suite" finished-at="2024-03-20T15:47:05 IST" duration-ms="12683">
    <groups>
    </groups>
    <test started-at="2024-03-20T15:46:52 IST" name="User_Pet-Store_Test" finished-at="2024-03-20T15:47:05 IST" duration-ms="12683">
      <class name="api.test.UserTests">
        <test-method is-config="true" signature="setupData()[pri:0, instance:api.test.UserTests@765d7657]" started-at="2024-03-20T15:46:52 IST" name="setupData" finished-at="2024-03-20T15:46:54 IST" duration-ms="1566" status="PASS">
          <reporter-output>
          </reporter-output>
        </test-method> <!-- setupData -->
        <test-method signature="testPostUser()[pri:0, instance:api.test.UserTests@765d7657]" started-at="2024-03-20T15:46:54 IST" name="testPostUser" finished-at="2024-03-20T15:46:58 IST" duration-ms="4513" status="PASS">
          <reporter-output>
          </reporter-output>
        </test-method> <!-- testPostUser -->
        <test-method signature="testGetUserByName()[pri:1, instance:api.test.UserTests@765d7657]" started-at="2024-03-20T15:46:59 IST" name="testGetUserByName" finished-at="2024-03-20T15:47:00 IST" duration-ms="1618" status="PASS">
          <reporter-output>
          </reporter-output>
        </test-method> <!-- testGetUserByName -->
        <test-method signature="testUpdateUserByName()[pri:2, instance:api.test.UserTests@765d7657]" started-at="2024-03-20T15:47:00 IST" name="testUpdateUserByName" finished-at="2024-03-20T15:47:03 IST" duration-ms="3269" status="PASS">
          <reporter-output>
          </reporter-output>
        </test-method> <!-- testUpdateUserByName -->
        <test-method signature="testDeleteUserByName()[pri:3, instance:api.test.UserTests@765d7657]" started-at="2024-03-20T15:47:03 IST" name="testDeleteUserByName" finished-at="2024-03-20T15:47:05 IST" duration-ms="1636" status="PASS">
          <reporter-output>
          </reporter-output>
        </test-method> <!-- testDeleteUserByName -->
      </class> <!-- api.test.UserTests -->
    </test> <!-- User_Pet-Store_Test -->
  </suite> <!-- Suite -->
</testng-results>
